---------------------------------------
Begin Slurm Prolog: Apr-28-2025 17:59:33
Job ID:    2543732
User ID:   jcochran66
Account:   ece
Job name:  TrainingFACE
Partition: coe-gpu
QOS:       coe-ice
---------------------------------------
Mon Apr 28 17:59:36 2025       
+-----------------------------------------------------------------------------------------+
| NVIDIA-SMI 555.42.02              Driver Version: 555.42.02      CUDA Version: 12.5     |
|-----------------------------------------+------------------------+----------------------+
| GPU  Name                 Persistence-M | Bus-Id          Disp.A | Volatile Uncorr. ECC |
| Fan  Temp   Perf          Pwr:Usage/Cap |           Memory-Usage | GPU-Util  Compute M. |
|                                         |                        |               MIG M. |
|=========================================+========================+======================|
|   0  NVIDIA H100 80GB HBM3          On  |   00000000:87:00.0 Off |                    0 |
| N/A   34C    P0             87W /  700W |       1MiB /  81559MiB |      0%      Default |
|                                         |                        |             Disabled |
+-----------------------------------------+------------------------+----------------------+
|   1  NVIDIA H100 80GB HBM3          On  |   00000000:90:00.0 Off |                    0 |
| N/A   30C    P0             80W /  700W |       1MiB /  81559MiB |      0%      Default |
|                                         |                        |             Disabled |
+-----------------------------------------+------------------------+----------------------+
                                                                                         
+-----------------------------------------------------------------------------------------+
| Processes:                                                                              |
|  GPU   GI   CI        PID   Type   Process name                              GPU Memory |
|        ID   ID                                                               Usage      |
|=========================================================================================|
|  No running processes found                                                             |
+-----------------------------------------------------------------------------------------+
W0428 17:59:38.999000 3664091 /storage/ice1/4/8/jcochran66/.conda/envs/sr_design/lib/python3.12/site-packages/torch/distributed/run.py:792] 
W0428 17:59:38.999000 3664091 /storage/ice1/4/8/jcochran66/.conda/envs/sr_design/lib/python3.12/site-packages/torch/distributed/run.py:792] *****************************************
W0428 17:59:38.999000 3664091 /storage/ice1/4/8/jcochran66/.conda/envs/sr_design/lib/python3.12/site-packages/torch/distributed/run.py:792] Setting OMP_NUM_THREADS environment variable for each process to be 1 in default, to avoid your system being overloaded, please further tune the variable for optimal performance in your application as needed. 
W0428 17:59:38.999000 3664091 /storage/ice1/4/8/jcochran66/.conda/envs/sr_design/lib/python3.12/site-packages/torch/distributed/run.py:792] *****************************************
2025-04-28 17:59:42,828 [INFO] Loaded weights from ckpt/epoch_003.pt
2025-04-28 17:59:43,897 [INFO] Demo samples: [98, 42, 665, 199, 142, 49, 409, 180, 331, 75]
2025-04-28 17:59:44,433 [INFO] Sample 98 patch 0  bil 24.73 dB  net 24.73 dB
2025-04-28 17:59:44,433 [INFO] Sample 98 patch 1  bil 28.21 dB  net 28.21 dB
2025-04-28 17:59:44,434 [INFO] Sample 98 patch 2  bil 26.68 dB  net 26.68 dB
2025-04-28 17:59:44,434 [INFO] Sample 98 patch 3  bil 27.06 dB  net 27.06 dB
Saved demo_0098.png
2025-04-28 17:59:44,630 [INFO] Sample 42 patch 0  bil 25.81 dB  net 25.81 dB
2025-04-28 17:59:44,630 [INFO] Sample 42 patch 1  bil 42.92 dB  net 42.92 dB
2025-04-28 17:59:44,631 [INFO] Sample 42 patch 2  bil 25.13 dB  net 25.13 dB
2025-04-28 17:59:44,631 [INFO] Sample 42 patch 3  bil 26.71 dB  net 26.71 dB
Saved demo_0042.png
2025-04-28 17:59:44,825 [INFO] Sample 665 patch 0  bil 31.28 dB  net 31.28 dB
2025-04-28 17:59:44,825 [INFO] Sample 665 patch 1  bil 35.43 dB  net 35.43 dB
2025-04-28 17:59:44,826 [INFO] Sample 665 patch 2  bil 44.04 dB  net 44.04 dB
2025-04-28 17:59:44,826 [INFO] Sample 665 patch 3  bil 43.56 dB  net 43.56 dB
Saved demo_0665.png
2025-04-28 17:59:45,019 [INFO] Sample 199 patch 0  bil 37.23 dB  net 37.23 dB
2025-04-28 17:59:45,019 [INFO] Sample 199 patch 1  bil 33.46 dB  net 33.46 dB
2025-04-28 17:59:45,019 [INFO] Sample 199 patch 2  bil 30.73 dB  net 30.73 dB
2025-04-28 17:59:45,020 [INFO] Sample 199 patch 3  bil 38.20 dB  net 38.20 dB
Saved demo_0199.png
2025-04-28 17:59:45,333 [INFO] Sample 142 patch 0  bil 25.56 dB  net 25.56 dB
2025-04-28 17:59:45,333 [INFO] Sample 142 patch 1  bil 26.32 dB  net 26.32 dB
2025-04-28 17:59:45,333 [INFO] Sample 142 patch 2  bil 28.43 dB  net 28.43 dB
2025-04-28 17:59:45,334 [INFO] Sample 142 patch 3  bil 25.09 dB  net 25.09 dB
Saved demo_0142.png
2025-04-28 17:59:45,511 [INFO] Sample 49 patch 0  bil 27.25 dB  net 27.25 dB
2025-04-28 17:59:45,511 [INFO] Sample 49 patch 1  bil 29.61 dB  net 29.61 dB
2025-04-28 17:59:45,512 [INFO] Sample 49 patch 2  bil 47.21 dB  net 47.21 dB
2025-04-28 17:59:45,512 [INFO] Sample 49 patch 3  bil 31.14 dB  net 31.14 dB
Saved demo_0049.png
2025-04-28 17:59:45,674 [INFO] Sample 409 patch 0  bil 35.48 dB  net 35.48 dB
2025-04-28 17:59:45,674 [INFO] Sample 409 patch 1  bil 46.44 dB  net 46.45 dB
2025-04-28 17:59:45,674 [INFO] Sample 409 patch 2  bil 46.03 dB  net 46.03 dB
2025-04-28 17:59:45,675 [INFO] Sample 409 patch 3  bil 47.49 dB  net 47.49 dB
Saved demo_0409.png
2025-04-28 17:59:45,841 [INFO] Sample 180 patch 0  bil 30.69 dB  net 30.69 dB
2025-04-28 17:59:45,841 [INFO] Sample 180 patch 1  bil 36.13 dB  net 36.13 dB
2025-04-28 17:59:45,841 [INFO] Sample 180 patch 2  bil 33.13 dB  net 33.13 dB
2025-04-28 17:59:45,842 [INFO] Sample 180 patch 3  bil 36.94 dB  net 36.94 dB
Saved demo_0180.png
2025-04-28 17:59:46,027 [INFO] Sample 331 patch 0  bil 42.38 dB  net 42.38 dB
2025-04-28 17:59:46,028 [INFO] Sample 331 patch 1  bil 36.69 dB  net 36.69 dB
2025-04-28 17:59:46,028 [INFO] Sample 331 patch 2  bil 43.35 dB  net 43.35 dB
2025-04-28 17:59:46,029 [INFO] Sample 331 patch 3  bil 35.65 dB  net 35.65 dB
Saved demo_0331.png
2025-04-28 17:59:46,198 [INFO] Sample 75 patch 0  bil 27.77 dB  net 27.77 dB
2025-04-28 17:59:46,199 [INFO] Sample 75 patch 1  bil 28.12 dB  net 28.12 dB
2025-04-28 17:59:46,199 [INFO] Sample 75 patch 2  bil 26.71 dB  net 26.71 dB
2025-04-28 17:59:46,199 [INFO] Sample 75 patch 3  bil 26.72 dB  net 26.72 dB
Saved demo_0075.png
[rank0]:[W428 17:59:46.228449813 ProcessGroupNCCL.cpp:1496] Warning: WARNING: destroy_process_group() was not called before program exit, which can leak resources. For more info, please see https://pytorch.org/docs/stable/distributed.html#shutdown (function operator())
---------------------------------------
Begin Slurm Epilog: Apr-28-2025 17:59:47
Job ID:        2543732
User ID:       jcochran66
Account:       ece
Job name:      TrainingFACE
Resources:     cpu=12,gres/gpu:h100=2,mem=264G,node=1
Rsrc Used:     cput=00:03:00,vmem=0,walltime=00:00:15,mem=38036K,energy_used=0
Partition:     coe-gpu
QOS:           coe-ice
Nodes:         atl1-1-03-012-3-0
---------------------------------------
