---------------------------------------
Begin Slurm Prolog: Apr-30-2025 03:47:33
Job ID:    2547810
User ID:   jcochran66
Account:   ece
Job name:  TrainingFACE
Partition: coe-gpu
QOS:       coe-ice
---------------------------------------
Wed Apr 30 03:47:36 2025       
+-----------------------------------------------------------------------------------------+
| NVIDIA-SMI 555.42.02              Driver Version: 555.42.02      CUDA Version: 12.5     |
|-----------------------------------------+------------------------+----------------------+
| GPU  Name                 Persistence-M | Bus-Id          Disp.A | Volatile Uncorr. ECC |
| Fan  Temp   Perf          Pwr:Usage/Cap |           Memory-Usage | GPU-Util  Compute M. |
|                                         |                        |               MIG M. |
|=========================================+========================+======================|
|   0  NVIDIA H100 80GB HBM3          On  |   00000000:40:00.0 Off |                    0 |
| N/A   36C    P0             88W /  700W |       1MiB /  81559MiB |      0%      Default |
|                                         |                        |             Disabled |
+-----------------------------------------+------------------------+----------------------+
|   1  NVIDIA H100 80GB HBM3          On  |   00000000:49:00.0 Off |                    0 |
| N/A   46C    P0            105W /  700W |       1MiB /  81559MiB |      0%      Default |
|                                         |                        |             Disabled |
+-----------------------------------------+------------------------+----------------------+
                                                                                         
+-----------------------------------------------------------------------------------------+
| Processes:                                                                              |
|  GPU   GI   CI        PID   Type   Process name                              GPU Memory |
|        ID   ID                                                               Usage      |
|=========================================================================================|
|  No running processes found                                                             |
+-----------------------------------------------------------------------------------------+
W0430 03:48:34.754000 4056220 /storage/ice1/4/8/jcochran66/.conda/envs/sr_design/lib/python3.12/site-packages/torch/distributed/run.py:792] 
W0430 03:48:34.754000 4056220 /storage/ice1/4/8/jcochran66/.conda/envs/sr_design/lib/python3.12/site-packages/torch/distributed/run.py:792] *****************************************
W0430 03:48:34.754000 4056220 /storage/ice1/4/8/jcochran66/.conda/envs/sr_design/lib/python3.12/site-packages/torch/distributed/run.py:792] Setting OMP_NUM_THREADS environment variable for each process to be 1 in default, to avoid your system being overloaded, please further tune the variable for optimal performance in your application as needed. 
W0430 03:48:34.754000 4056220 /storage/ice1/4/8/jcochran66/.conda/envs/sr_design/lib/python3.12/site-packages/torch/distributed/run.py:792] *****************************************
2025-04-30 03:49:23,360 [INFO] Ep 1  Bt 1/1981  L1 0.1595  PSNR 16.70
[rank1]: Traceback (most recent call last):
[rank1]:   File "/home/hice1/jcochran66/code/SCREEn/run_screen.py", line 239, in <module>
[rank1]:     main()
[rank1]:   File "/home/hice1/jcochran66/code/SCREEn/run_screen.py", line 209, in main
[rank1]:     sr   = model(prev, cur, nxt)
[rank1]:            ^^^^^^^^^^^^^^^^^^^^^
[rank1]:   File "/home/hice1/jcochran66/.conda/envs/sr_design/lib/python3.12/site-packages/torch/nn/modules/module.py", line 1739, in _wrapped_call_impl
[rank1]:     return self._call_impl(*args, **kwargs)
[rank1]:            ^^^^^^^^^^^^^^^^^^^^^^^^^^^^^^^^
[rank1]:   File "/home/hice1/jcochran66/.conda/envs/sr_design/lib/python3.12/site-packages/torch/nn/modules/module.py", line 1750, in _call_impl
[rank1]:     return forward_call(*args, **kwargs)
[rank1]:            ^^^^^^^^^^^^^^^^^^^^^^^^^^^^^
[rank1]:   File "/home/hice1/jcochran66/.conda/envs/sr_design/lib/python3.12/site-packages/torch/nn/parallel/distributed.py", line 1639, in forward
[rank1]:     inputs, kwargs = self._pre_forward(*inputs, **kwargs)
[rank1]:                      ^^^^^^^^^^^^^^^^^^^^^^^^^^^^^^^^^^^^
[rank1]:   File "/home/hice1/jcochran66/.conda/envs/sr_design/lib/python3.12/site-packages/torch/nn/parallel/distributed.py", line 1528, in _pre_forward
[rank1]:     if torch.is_grad_enabled() and self.reducer._rebuild_buckets():
[rank1]:                                    ^^^^^^^^^^^^^^^^^^^^^^^^^^^^^^^
[rank1]: RuntimeError: Expected to have finished reduction in the prior iteration before starting a new one. This error indicates that your module has parameters that were not used in producing loss. You can enable unused parameter detection by passing the keyword argument `find_unused_parameters=True` to `torch.nn.parallel.DistributedDataParallel`, and by 
[rank1]: making sure all `forward` function outputs participate in calculating loss. 
[rank1]: If you already have done the above, then the distributed data parallel module wasn't able to locate the output tensors in the return value of your module's `forward` function. Please include the loss function and the structure of the return value of `forward` of your module when reporting this issue (e.g. list, dict, iterable).
[rank1]: Parameter indices which did not receive grad for rank 1: 0 1
[rank1]:  In addition, you can set the environment variable TORCH_DISTRIBUTED_DEBUG to either INFO or DETAIL to print out information about which particular parameters did not receive gradient on this rank as part of this error
[rank0]: Traceback (most recent call last):
[rank0]:   File "/home/hice1/jcochran66/code/SCREEn/run_screen.py", line 239, in <module>
[rank0]:     main()
[rank0]:   File "/home/hice1/jcochran66/code/SCREEn/run_screen.py", line 209, in main
[rank0]:     sr   = model(prev, cur, nxt)
[rank0]:            ^^^^^^^^^^^^^^^^^^^^^
[rank0]:   File "/home/hice1/jcochran66/.conda/envs/sr_design/lib/python3.12/site-packages/torch/nn/modules/module.py", line 1739, in _wrapped_call_impl
[rank0]:     return self._call_impl(*args, **kwargs)
[rank0]:            ^^^^^^^^^^^^^^^^^^^^^^^^^^^^^^^^
[rank0]:   File "/home/hice1/jcochran66/.conda/envs/sr_design/lib/python3.12/site-packages/torch/nn/modules/module.py", line 1750, in _call_impl
[rank0]:     return forward_call(*args, **kwargs)
[rank0]:            ^^^^^^^^^^^^^^^^^^^^^^^^^^^^^
[rank0]:   File "/home/hice1/jcochran66/.conda/envs/sr_design/lib/python3.12/site-packages/torch/nn/parallel/distributed.py", line 1639, in forward
[rank0]:     inputs, kwargs = self._pre_forward(*inputs, **kwargs)
[rank0]:                      ^^^^^^^^^^^^^^^^^^^^^^^^^^^^^^^^^^^^
[rank0]:   File "/home/hice1/jcochran66/.conda/envs/sr_design/lib/python3.12/site-packages/torch/nn/parallel/distributed.py", line 1528, in _pre_forward
[rank0]:     if torch.is_grad_enabled() and self.reducer._rebuild_buckets():
[rank0]:                                    ^^^^^^^^^^^^^^^^^^^^^^^^^^^^^^^
[rank0]: RuntimeError: Expected to have finished reduction in the prior iteration before starting a new one. This error indicates that your module has parameters that were not used in producing loss. You can enable unused parameter detection by passing the keyword argument `find_unused_parameters=True` to `torch.nn.parallel.DistributedDataParallel`, and by 
[rank0]: making sure all `forward` function outputs participate in calculating loss. 
[rank0]: If you already have done the above, then the distributed data parallel module wasn't able to locate the output tensors in the return value of your module's `forward` function. Please include the loss function and the structure of the return value of `forward` of your module when reporting this issue (e.g. list, dict, iterable).
[rank0]: Parameter indices which did not receive grad for rank 0: 0 1
[rank0]:  In addition, you can set the environment variable TORCH_DISTRIBUTED_DEBUG to either INFO or DETAIL to print out information about which particular parameters did not receive gradient on this rank as part of this error
[rank0]:[W430 03:49:23.917042155 ProcessGroupNCCL.cpp:1496] Warning: WARNING: destroy_process_group() was not called before program exit, which can leak resources. For more info, please see https://pytorch.org/docs/stable/distributed.html#shutdown (function operator())
W0430 03:49:30.688000 4056220 /storage/ice1/4/8/jcochran66/.conda/envs/sr_design/lib/python3.12/site-packages/torch/distributed/elastic/multiprocessing/api.py:897] Sending process 4062072 closing signal SIGTERM
E0430 03:49:30.903000 4056220 /storage/ice1/4/8/jcochran66/.conda/envs/sr_design/lib/python3.12/site-packages/torch/distributed/elastic/multiprocessing/api.py:869] failed (exitcode: 1) local_rank: 0 (pid: 4062071) of binary: /home/hice1/jcochran66/.conda/envs/sr_design/bin/python
Traceback (most recent call last):
  File "/home/hice1/jcochran66/.conda/envs/sr_design/bin/torchrun", line 8, in <module>
    sys.exit(main())
             ^^^^^^
  File "/home/hice1/jcochran66/.conda/envs/sr_design/lib/python3.12/site-packages/torch/distributed/elastic/multiprocessing/errors/__init__.py", line 355, in wrapper
    return f(*args, **kwargs)
           ^^^^^^^^^^^^^^^^^^
  File "/home/hice1/jcochran66/.conda/envs/sr_design/lib/python3.12/site-packages/torch/distributed/run.py", line 918, in main
    run(args)
  File "/home/hice1/jcochran66/.conda/envs/sr_design/lib/python3.12/site-packages/torch/distributed/run.py", line 909, in run
    elastic_launch(
  File "/home/hice1/jcochran66/.conda/envs/sr_design/lib/python3.12/site-packages/torch/distributed/launcher/api.py", line 138, in __call__
    return launch_agent(self._config, self._entrypoint, list(args))
           ^^^^^^^^^^^^^^^^^^^^^^^^^^^^^^^^^^^^^^^^^^^^^^^^^^^^^^^^
  File "/home/hice1/jcochran66/.conda/envs/sr_design/lib/python3.12/site-packages/torch/distributed/launcher/api.py", line 269, in launch_agent
    raise ChildFailedError(
torch.distributed.elastic.multiprocessing.errors.ChildFailedError: 
============================================================
run_screen.py FAILED
------------------------------------------------------------
Failures:
  <NO_OTHER_FAILURES>
------------------------------------------------------------
Root Cause (first observed failure):
[0]:
  time      : 2025-04-30_03:49:30
  host      : atl1-1-03-012-23-0.pace.gatech.edu
  rank      : 0 (local_rank: 0)
  exitcode  : 1 (pid: 4062071)
  error_file: <N/A>
  traceback : To enable traceback see: https://pytorch.org/docs/stable/elastic/errors.html
============================================================
srun: error: atl1-1-03-012-23-0: task 0: Exited with exit code 1
---------------------------------------
Begin Slurm Epilog: Apr-30-2025 03:49:31
Job ID:        2547810
User ID:       jcochran66
Account:       ece
Job name:      TrainingFACE
Resources:     cpu=12,gres/gpu:h100=2,mem=264G,node=1
Rsrc Used:     cput=00:23:48,vmem=0,walltime=00:01:59,mem=37816K,energy_used=0
Partition:     coe-gpu
QOS:           coe-ice
Nodes:         atl1-1-03-012-23-0
---------------------------------------
