---------------------------------------
Begin Slurm Prolog: Apr-30-2025 03:47:33
Job ID:    2547813
User ID:   jcochran66
Account:   ece
Job name:  TrainingFACE
Partition: coe-gpu
QOS:       coe-ice
---------------------------------------
Wed Apr 30 03:47:37 2025       
+-----------------------------------------------------------------------------------------+
| NVIDIA-SMI 555.42.02              Driver Version: 555.42.02      CUDA Version: 12.5     |
|-----------------------------------------+------------------------+----------------------+
| GPU  Name                 Persistence-M | Bus-Id          Disp.A | Volatile Uncorr. ECC |
| Fan  Temp   Perf          Pwr:Usage/Cap |           Memory-Usage | GPU-Util  Compute M. |
|                                         |                        |               MIG M. |
|=========================================+========================+======================|
|   0  NVIDIA H100 80GB HBM3          On  |   00000000:87:00.0 Off |                    0 |
| N/A   45C    P0            105W /  700W |       1MiB /  81559MiB |      0%      Default |
|                                         |                        |             Disabled |
+-----------------------------------------+------------------------+----------------------+
|   1  NVIDIA H100 80GB HBM3          On  |   00000000:90:00.0 Off |                    0 |
| N/A   35C    P0            100W /  700W |       1MiB /  81559MiB |      0%      Default |
|                                         |                        |             Disabled |
+-----------------------------------------+------------------------+----------------------+
                                                                                         
+-----------------------------------------------------------------------------------------+
| Processes:                                                                              |
|  GPU   GI   CI        PID   Type   Process name                              GPU Memory |
|        ID   ID                                                               Usage      |
|=========================================================================================|
|  No running processes found                                                             |
+-----------------------------------------------------------------------------------------+
W0430 03:48:34.754000 2123822 /storage/ice1/4/8/jcochran66/.conda/envs/sr_design/lib/python3.12/site-packages/torch/distributed/run.py:792] 
W0430 03:48:34.754000 2123822 /storage/ice1/4/8/jcochran66/.conda/envs/sr_design/lib/python3.12/site-packages/torch/distributed/run.py:792] *****************************************
W0430 03:48:34.754000 2123822 /storage/ice1/4/8/jcochran66/.conda/envs/sr_design/lib/python3.12/site-packages/torch/distributed/run.py:792] Setting OMP_NUM_THREADS environment variable for each process to be 1 in default, to avoid your system being overloaded, please further tune the variable for optimal performance in your application as needed. 
W0430 03:48:34.754000 2123822 /storage/ice1/4/8/jcochran66/.conda/envs/sr_design/lib/python3.12/site-packages/torch/distributed/run.py:792] *****************************************
Traceback (most recent call last):
  File "/home/hice1/jcochran66/.conda/envs/sr_design/bin/torchrun", line 8, in <module>
    sys.exit(main())
             ^^^^^^
  File "/home/hice1/jcochran66/.conda/envs/sr_design/lib/python3.12/site-packages/torch/distributed/elastic/multiprocessing/errors/__init__.py", line 355, in wrapper
    return f(*args, **kwargs)
           ^^^^^^^^^^^^^^^^^^
  File "/home/hice1/jcochran66/.conda/envs/sr_design/lib/python3.12/site-packages/torch/distributed/run.py", line 918, in main
    run(args)
  File "/home/hice1/jcochran66/.conda/envs/sr_design/lib/python3.12/site-packages/torch/distributed/run.py", line 909, in run
    elastic_launch(
  File "/home/hice1/jcochran66/.conda/envs/sr_design/lib/python3.12/site-packages/torch/distributed/launcher/api.py", line 138, in __call__
    return launch_agent(self._config, self._entrypoint, list(args))
           ^^^^^^^^^^^^^^^^^^^^^^^^^^^^^^^^^^^^^^^^^^^^^^^^^^^^^^^^
  File "/home/hice1/jcochran66/.conda/envs/sr_design/lib/python3.12/site-packages/torch/distributed/launcher/api.py", line 260, in launch_agent
    result = agent.run()
             ^^^^^^^^^^^
  File "/home/hice1/jcochran66/.conda/envs/sr_design/lib/python3.12/site-packages/torch/distributed/elastic/metrics/api.py", line 137, in wrapper
    result = f(*args, **kwargs)
             ^^^^^^^^^^^^^^^^^^
  File "/home/hice1/jcochran66/.conda/envs/sr_design/lib/python3.12/site-packages/torch/distributed/elastic/agent/server/api.py", line 711, in run
    result = self._invoke_run(role)
             ^^^^^^^^^^^^^^^^^^^^^^
  File "/home/hice1/jcochran66/.conda/envs/sr_design/lib/python3.12/site-packages/torch/distributed/elastic/agent/server/api.py", line 864, in _invoke_run
    self._initialize_workers(self._worker_group)
  File "/home/hice1/jcochran66/.conda/envs/sr_design/lib/python3.12/site-packages/torch/distributed/elastic/metrics/api.py", line 137, in wrapper
    result = f(*args, **kwargs)
             ^^^^^^^^^^^^^^^^^^
  File "/home/hice1/jcochran66/.conda/envs/sr_design/lib/python3.12/site-packages/torch/distributed/elastic/agent/server/api.py", line 683, in _initialize_workers
    self._rendezvous(worker_group)
  File "/home/hice1/jcochran66/.conda/envs/sr_design/lib/python3.12/site-packages/torch/distributed/elastic/metrics/api.py", line 137, in wrapper
    result = f(*args, **kwargs)
             ^^^^^^^^^^^^^^^^^^
  File "/home/hice1/jcochran66/.conda/envs/sr_design/lib/python3.12/site-packages/torch/distributed/elastic/agent/server/api.py", line 500, in _rendezvous
    rdzv_info = spec.rdzv_handler.next_rendezvous()
                ^^^^^^^^^^^^^^^^^^^^^^^^^^^^^^^^^^^
  File "/home/hice1/jcochran66/.conda/envs/sr_design/lib/python3.12/site-packages/torch/distributed/elastic/rendezvous/static_tcp_rendezvous.py", line 67, in next_rendezvous
    self._store = TCPStore(  # type: ignore[call-arg]
                  ^^^^^^^^^^^^^^^^^^^^^^^^^^^^^^^^^^^
RuntimeError: The server socket has failed to listen on any local network address. port: 29500, useIpv6: 0, code: -98, name: EADDRINUSE, message: address already in use
srun: error: atl1-1-03-010-20-0: task 0: Exited with exit code 1
---------------------------------------
Begin Slurm Epilog: Apr-30-2025 03:48:39
Job ID:        2547813
User ID:       jcochran66
Account:       ece
Job name:      TrainingFACE
Resources:     cpu=12,gres/gpu:h100=2,mem=264G,node=1
Rsrc Used:     cput=00:13:24,vmem=0,walltime=00:01:07,mem=37816K,energy_used=0
Partition:     coe-gpu
QOS:           coe-ice
Nodes:         atl1-1-03-010-20-0
---------------------------------------
